<?xml version="1.0" encoding="UTF-8"?>
<!-- Generated by org.testng.reporters.JUnitXMLReporter -->
<testsuite ignored="1" hostname="LAPTOP-9TU4N0NM" failures="1" tests="1" name="Test" time="29.595" errors="0" timestamp="2024-10-25T22:20:08 IST">
  <testcase classname="test.com.launchbrowser.NewTest1" name="loginsuccessfuly" time="19.648">
    <failure type="java.lang.NoSuchMethodError" message="&amp;apos;org.apache.commons.io.input.BoundedInputStream$Builder org.apache.commons.io.input.BoundedInputStream.builder()&amp;apos;">
      <![CDATA[java.lang.NoSuchMethodError: 'org.apache.commons.io.input.BoundedInputStream$Builder org.apache.commons.io.input.BoundedInputStream.builder()'
at org.apache.poi.util.IOUtils.peekFirstNBytes(IOUtils.java:145)
at org.apache.poi.poifs.filesystem.FileMagic.valueOf(FileMagic.java:209)
at org.apache.poi.ss.usermodel.WorkbookFactory.create(WorkbookFactory.java:222)
at org.apache.poi.ss.usermodel.WorkbookFactory.create(WorkbookFactory.java:185)
at utils.ExcelUtil.fetchData(ExcelUtil.java:70)
at pageEvents.LoginPageEvents.entercredentials(LoginPageEvents.java:57)
at test.com.launchbrowser.NewTest1.loginsuccessfuly(NewTest1.java:21)
at java.base/java.util.ArrayList.forEach(ArrayList.java:1511)
... Removed 27 stack frames]]>
    </failure>
  </testcase> <!-- loginsuccessfuly -->
  <testcase classname="test.com.launchbrowser.NewTest1" name="designconfigupdate" time="0.0">
    <ignored/>
  </testcase> <!-- designconfigupdate -->
</testsuite> <!-- Test -->
