<?xml version="1.0" encoding="UTF-8"?>
<testng-results ignored="1" total="2" passed="0" failed="1" skipped="0">
  <reporter-output>
  </reporter-output>
  <suite started-at="2024-10-25T22:19:39 IST" name="Suite" finished-at="2024-10-25T22:20:08 IST" duration-ms="29595">
    <groups>
    </groups>
    <test started-at="2024-10-25T22:19:39 IST" name="Test" finished-at="2024-10-25T22:20:08 IST" duration-ms="29595">
      <class name="test.com.launchbrowser.NewTest1">
        <test-method is-config="true" signature="mainBeforeTestMethod()[pri:0, instance:test.com.launchbrowser.NewTest1@d737b89]" started-at="2024-10-25T22:19:39 IST" name="mainBeforeTestMethod" finished-at="2024-10-25T22:19:39 IST" duration-ms="434" status="PASS">
          <reporter-output>
          </reporter-output>
        </test-method> <!-- mainBeforeTestMethod -->
        <test-method is-config="true" signature="beforeMethodMethod(java.lang.String,java.lang.reflect.Method)[pri:0, instance:test.com.launchbrowser.NewTest1@d737b89]" started-at="2024-10-25T22:19:39 IST" name="beforeMethodMethod" finished-at="2024-10-25T22:19:46 IST" duration-ms="7175" status="PASS">
          <params>
            <param index="0">
              <value>
                <![CDATA[chrome]]>
              </value>
            </param>
            <param index="1">
              <value>
                <![CDATA[public void test.com.launchbrowser.NewTest1.loginsuccessfuly() throws java.awt.AWTException,java.lang.InterruptedException]]>
              </value>
            </param>
          </params>
          <reporter-output>
          </reporter-output>
        </test-method> <!-- beforeMethodMethod -->
        <test-method signature="loginsuccessfuly()[pri:1, instance:test.com.launchbrowser.NewTest1@d737b89]" started-at="2024-10-25T22:19:46 IST" name="loginsuccessfuly" finished-at="2024-10-25T22:20:06 IST" duration-ms="19648" status="FAIL">
          <exception class="java.lang.NoSuchMethodError">
            <message>
              <![CDATA['org.apache.commons.io.input.BoundedInputStream$Builder org.apache.commons.io.input.BoundedInputStream.builder()']]>
            </message>
            <full-stacktrace>
              <![CDATA[java.lang.NoSuchMethodError: 'org.apache.commons.io.input.BoundedInputStream$Builder org.apache.commons.io.input.BoundedInputStream.builder()'
at org.apache.poi.util.IOUtils.peekFirstNBytes(IOUtils.java:145)
at org.apache.poi.poifs.filesystem.FileMagic.valueOf(FileMagic.java:209)
at org.apache.poi.ss.usermodel.WorkbookFactory.create(WorkbookFactory.java:222)
at org.apache.poi.ss.usermodel.WorkbookFactory.create(WorkbookFactory.java:185)
at utils.ExcelUtil.fetchData(ExcelUtil.java:70)
at pageEvents.LoginPageEvents.entercredentials(LoginPageEvents.java:57)
at test.com.launchbrowser.NewTest1.loginsuccessfuly(NewTest1.java:21)
at java.base/jdk.internal.reflect.NativeMethodAccessorImpl.invoke0(Native Method)
at java.base/jdk.internal.reflect.NativeMethodAccessorImpl.invoke(NativeMethodAccessorImpl.java:77)
at java.base/jdk.internal.reflect.DelegatingMethodAccessorImpl.invoke(DelegatingMethodAccessorImpl.java:43)
at java.base/java.lang.reflect.Method.invoke(Method.java:568)
at org.testng.internal.MethodInvocationHelper.invokeMethod(MethodInvocationHelper.java:133)
at org.testng.internal.TestInvoker.invokeMethod(TestInvoker.java:598)
at org.testng.internal.TestInvoker.invokeTestMethod(TestInvoker.java:173)
at org.testng.internal.MethodRunner.runInSequence(MethodRunner.java:46)
at org.testng.internal.TestInvoker$MethodInvocationAgent.invoke(TestInvoker.java:824)
at org.testng.internal.TestInvoker.invokeTestMethods(TestInvoker.java:146)
at org.testng.internal.TestMethodWorker.invokeTestMethods(TestMethodWorker.java:146)
at org.testng.internal.TestMethodWorker.run(TestMethodWorker.java:128)
at java.base/java.util.ArrayList.forEach(ArrayList.java:1511)
at org.testng.TestRunner.privateRun(TestRunner.java:794)
at org.testng.TestRunner.run(TestRunner.java:596)
at org.testng.SuiteRunner.runTest(SuiteRunner.java:377)
at org.testng.SuiteRunner.runSequentially(SuiteRunner.java:371)
at org.testng.SuiteRunner.privateRun(SuiteRunner.java:332)
at org.testng.SuiteRunner.run(SuiteRunner.java:276)
at org.testng.SuiteRunnerWorker.runSuite(SuiteRunnerWorker.java:53)
at org.testng.SuiteRunnerWorker.run(SuiteRunnerWorker.java:96)
at org.testng.TestNG.runSuitesSequentially(TestNG.java:1212)
at org.testng.TestNG.runSuitesLocally(TestNG.java:1134)
at org.testng.TestNG.runSuites(TestNG.java:1063)
at org.testng.TestNG.run(TestNG.java:1031)
at org.testng.remote.AbstractRemoteTestNG.run(AbstractRemoteTestNG.java:115)
at org.testng.remote.RemoteTestNG.initAndRun(RemoteTestNG.java:251)
at org.testng.remote.RemoteTestNG.main(RemoteTestNG.java:77)
]]>
            </full-stacktrace>
          </exception> <!-- java.lang.NoSuchMethodError -->
          <reporter-output>
          </reporter-output>
        </test-method> <!-- loginsuccessfuly -->
        <test-method is-config="true" signature="afterMethod(org.testng.ITestResult)[pri:0, instance:test.com.launchbrowser.NewTest1@d737b89]" started-at="2024-10-25T22:20:06 IST" name="afterMethod" finished-at="2024-10-25T22:20:07 IST" duration-ms="731" status="PASS">
          <params>
            <param index="0">
              <value>
                <![CDATA[[TestResult name=loginsuccessfuly status=FAILURE method=NewTest1.loginsuccessfuly()[pri:1, instance:test.com.launchbrowser.NewTest1@d737b89] output={null}]]]>
              </value>
            </param>
          </params>
          <reporter-output>
          </reporter-output>
        </test-method> <!-- afterMethod -->
        <test-method is-config="true" signature="aftemethod()[pri:0, instance:test.com.launchbrowser.NewTest1@d737b89]" started-at="2024-10-25T22:20:07 IST" name="aftemethod" finished-at="2024-10-25T22:20:08 IST" duration-ms="1313" status="PASS">
          <reporter-output>
          </reporter-output>
        </test-method> <!-- aftemethod -->
      </class> <!-- test.com.launchbrowser.NewTest1 -->
    </test> <!-- Test -->
  </suite> <!-- Suite -->
</testng-results>
